[2026-06-05 13:56:47] === PC migration prep started ===
[2026-06-05 13:56:47] Repo root: C:\Users\admin\Desktop\eBay-AI-Ops
[2026-06-05 13:56:47] Skip (not found): C:\Users\admin\Desktop\eBay-AI-Ops\05_逋ｺ騾√Λ繝吶Ν菴懈・\sample_order.json
[2026-06-05 13:56:47] Skip (not found): C:\Users\admin\Desktop\eBay-AI-Ops\05_逋ｺ騾√Λ繝吶Ν菴懈・\label_input.json
[2026-06-05 13:56:47] Skip (not found): C:\Users\admin\Desktop\eBay-AI-Ops\05_逋ｺ騾√Λ繝吶Ν菴懈・\jp_autofill_run_log.jsonl
[2026-06-05 13:56:47] Skip (not found): C:\Users\admin\Desktop\eBay-AI-Ops\05_逋ｺ騾√Λ繝吶Ν菴懈・\japanpost_auth.json
[2026-06-05 13:56:47] Skip (not found): C:\Users\admin\Desktop\eBay-AI-Ops\05_逋ｺ騾√Λ繝吶Ν菴懈・\jp_form_fields_snapshot.json
[2026-06-05 13:56:47] Backed up: HANDOFF.md
[2026-06-05 13:56:47] Backed up: docs\SECRETS_BACKUP_CHECKLIST.md
[2026-06-05 13:56:47] Created: C:\Users\admin\Desktop\eBay-AI-Ops-Migration-Backup\secrets_TEMPLATE.txt (fill in manually)
[2026-06-05 13:56:47] Backup folder: C:\Users\admin\Desktop\eBay-AI-Ops-Migration-Backup
[2026-06-05 13:56:47] >>> Copy this folder to USB / cloud (encrypted) before decommissioning old PC <<<
[2026-06-05 13:57:52] === PC migration prep started ===
[2026-06-05 13:57:52] Repo root: C:\Users\admin\Desktop\eBay-AI-Ops
[2026-06-05 13:57:52] Label dir: 05_発送ラベル作成
[2026-06-05 13:57:52] Backed up: 05_発送ラベル作成\sample_order.json
[2026-06-05 13:57:52] Backed up: 05_発送ラベル作成\label_input.json
[2026-06-05 13:57:52] Backed up: 05_発送ラベル作成\jp_autofill_run_log.jsonl
[2026-06-05 13:57:52] Skip (not found): 05_発送ラベル作成\japanpost_auth.json
[2026-06-05 13:57:52] Backed up: 05_発送ラベル作成\jp_form_fields_snapshot.json
[2026-06-05 13:57:52] Backed up: HANDOFF.md
[2026-06-05 13:57:52] Backed up: docs\SECRETS_BACKUP_CHECKLIST.md
[2026-06-05 13:57:52] Created: secrets_TEMPLATE.txt (fill in manually)
[2026-06-05 13:57:52] Backup folder: C:\Users\admin\Desktop\eBay-AI-Ops-Migration-Backup
[2026-06-05 13:57:52] No sample_order.json / label_input.json in git index (OK).
[2026-06-05 13:57:53] --- git status ---
[2026-06-05 13:57:53] ## main...origin/main
[2026-06-05 13:57:53] A  .gitignore
[2026-06-05 13:57:53] M  "00_\343\202\273\343\203\251\343\203\274\343\203\227\343\203\255\343\203\225\343\202\243\343\203\274\343\203\253/seller_profile.md"
[2026-06-05 13:57:53] A  "02_\344\276\241\346\240\274\350\252\277\346\225\264/.gitignore"
[2026-06-05 13:57:53] A  "02_\344\276\241\346\240\274\350\252\277\346\225\264/autofill_sellsta_price_scan_playwright.mjs"
[2026-06-05 13:57:53] A  "02_\344\276\241\346\240\274\350\252\277\346\225\264/lib/price_proposal.mjs"
[2026-06-05 13:57:53] A  "02_\344\276\241\346\240\274\350\252\277\346\225\264/lib/profit_calc.mjs"
[2026-06-05 13:57:53] A  "02_\344\276\241\346\240\274\350\252\277\346\225\264/lib/shipping_policy.mjs"
[2026-06-05 13:57:53] A  "02_\344\276\241\346\240\274\350\252\277\346\225\264/lib/uk_price_proposal.mjs"
[2026-06-05 13:57:53] A  "02_\344\276\241\346\240\274\350\252\277\346\225\264/package.json"
[2026-06-05 13:57:53] A  "02_\344\276\241\346\240\274\350\252\277\346\225\264/playwright_selectors_sellsta.sample.json"
[2026-06-05 13:57:53] A  "02_\344\276\241\346\240\274\350\252\277\346\225\264/profit_rules.sample.json"
[2026-06-05 13:57:53] A  "02_\344\276\241\346\240\274\350\252\277\346\225\264/run_price_proposal.mjs"
[2026-06-05 13:57:53] A  "02_\344\276\241\346\240\274\350\252\277\346\225\264/run_price_proposal.ps1"
[2026-06-05 13:57:53] A  "02_\344\276\241\346\240\274\350\252\277\346\225\264/run_uk_checklist.mjs"
[2026-06-05 13:57:53] A  "02_\344\276\241\346\240\274\350\252\277\346\225\264/run_uk_checklist.ps1"
[2026-06-05 13:57:53] A  "02_\344\276\241\346\240\274\350\252\277\346\225\264/sample_listing.json"
[2026-06-05 13:57:53] A  "02_\344\276\241\346\240\274\350\252\277\346\225\264/sample_listing_macross.json"
[2026-06-05 13:57:53] A  "02_\344\276\241\346\240\274\350\252\277\346\225\264/\343\202\273\343\203\253\343\202\271\343\202\277\345\256\237\345\213\231\343\203\225\343\203\255\343\203\274_UK\345\237\272\346\272\226.md"
[2026-06-05 13:57:53] A  "02_\344\276\241\346\240\274\350\252\277\346\225\264/\343\203\255\343\203\274\343\203\211\343\203\236\343\203\203\343\203\227.md"
[2026-06-05 13:57:53] A  "02_\344\276\241\346\240\274\350\252\277\346\225\264/\344\275\234\346\245\255\343\203\255\343\202\260/2026-05.md"
[2026-06-05 13:57:53] A  "02_\344\276\241\346\240\274\350\252\277\346\225\264/\346\254\241\343\201\253\343\202\204\343\202\213\343\201\223\343\201\250.md"
[2026-06-05 13:57:53] A  "02_\344\276\241\346\240\274\350\252\277\346\225\264/\350\207\252\345\213\225\345\214\226\343\203\225\343\203\255\343\203\274\350\250\255\350\250\210.md"
[2026-06-05 13:57:53] A  "02_\344\276\241\346\240\274\350\252\277\346\225\264/\351\201\213\347\224\250\346\211\213\351\240\206.md"
[2026-06-05 13:57:53] A  "05_\347\231\272\351\200\201\343\203\251\343\203\231\343\203\253\344\275\234\346\210\220/.gitignore"
[2026-06-05 13:57:53] M  "05_\347\231\272\351\200\201\343\203\251\343\203\231\343\203\253\344\275\234\346\210\220/STEPS_4_5_6.txt"
[2026-06-05 13:57:53] A  "05_\347\231\272\351\200\201\343\203\251\343\203\231\343\203\253\344\275\234\346\210\220/autofill_cpass_playwright.mjs"
[2026-06-05 13:57:53] M  "05_\347\231\272\351\200\201\343\203\251\343\203\231\343\203\253\344\275\234\346\210\220/autofill_japanpost_playwright.mjs"
[2026-06-05 13:57:53] M  "05_\347\231\272\351\200\201\343\203\251\343\203\231\343\203\253\344\275\234\346\210\220/commit_japanpost_autofill.ps1"
[2026-06-05 13:57:53] A  "05_\347\231\272\351\200\201\343\203\251\343\203\231\343\203\253\344\275\234\346\210\220/generate_label_preview.ps1"
[2026-06-05 13:57:53] A  "05_\347\231\272\351\200\201\343\203\251\343\203\231\343\203\253\344\275\234\346\210\220/jp_hint_from_dump.mjs"
[2026-06-05 13:57:53] A  "05_\347\231\272\351\200\201\343\203\251\343\203\231\343\203\253\344\275\234\346\210\220/label_input.sample.json"
[2026-06-05 13:57:53] A  "05_\347\231\272\351\200\201\343\203\251\343\203\231\343\203\253\344\275\234\346\210\220/package-lock.json"
[2026-06-05 13:57:53] M  "05_\347\231\272\351\200\201\343\203\251\343\203\231\343\203\253\344\275\234\346\210\220/package.json"
[2026-06-05 13:57:53] A  "05_\347\231\272\351\200\201\343\203\251\343\203\231\343\203\253\344\275\234\346\210\220/playwright_selectors_cpass.sample.json"
[2026-06-05 13:57:53] M  "05_\347\231\272\351\200\201\343\203\251\343\203\231\343\203\253\344\275\234\346\210\220/playwright_selectors_japanpost.sample.json"
[2026-06-05 13:57:53] M  "05_\347\231\272\351\200\201\343\203\251\343\203\231\343\203\253\344\275\234\346\210\220/run_dump.mjs"
[2026-06-05 13:57:53] A  "05_\347\231\272\351\200\201\343\203\251\343\203\231\343\203\253\344\275\234\346\210\220/run_japanpost_autofill.ps1"
[2026-06-05 13:57:53] A  "05_\347\231\272\351\200\201\343\203\251\343\203\231\343\203\253\344\275\234\346\210\220/run_japanpost_dump.ps1"
[2026-06-05 13:57:53] A  "05_\347\231\272\351\200\201\343\203\251\343\203\231\343\203\253\344\275\234\346\210\220/run_japanpost_from_sample_order.ps1"
[2026-06-05 13:57:53] A  "05_\347\231\272\351\200\201\343\203\251\343\203\231\343\203\253\344\275\234\346\210\220/run_japanpost_hint.ps1"
[2026-06-05 13:57:53] A  "05_\347\231\272\351\200\201\343\203\251\343\203\231\343\203\253\344\275\234\346\210\220/run_japanpost_through.ps1"
[2026-06-05 13:57:53] A  "05_\347\231\272\351\200\201\343\203\251\343\203\231\343\203\253\344\275\234\346\210\220/run_label_demo_pipeline.ps1"
[2026-06-05 13:57:53] A  "05_\347\231\272\351\200\201\343\203\251\343\203\231\343\203\253\344\275\234\346\210\220/\350\207\252\345\213\225\345\205\245\345\212\233\343\203\225\343\203\255\343\203\274\350\250\255\350\250\210.md"
[2026-06-05 13:57:53] A  "05_\347\231\272\351\200\201\343\203\251\343\203\231\343\203\253\344\275\234\346\210\220/\351\201\213\347\224\250\346\211\213\351\240\206.md"
[2026-06-05 13:57:53] A  HANDOFF.md
[2026-06-05 13:57:53] A  RUN_MIGRATION.bat
[2026-06-05 13:57:53] A  docs/privacy.md
[2026-06-05 13:57:53] A  finish_migration_git.ps1
[2026-06-05 13:57:53] AM migration_run.log
[2026-06-05 13:57:53] A  oauth_callback_server.py
[2026-06-05 13:57:53] A  prepare_pc_migration.ps1
[2026-06-05 13:57:53] A  "\343\203\255\343\203\274\343\203\211\343\203\236\343\203\203\343\203\227.md"
[2026-06-05 13:57:53] A  "\345\205\261\351\200\232\343\203\253\343\203\274\343\203\253/\351\201\213\347\224\250\343\203\235\343\203\252\343\202\267\343\203\274.md"
[2026-06-05 13:57:53] Committed.
[2026-06-05 13:57:53] --- git push ---
[2026-06-05 13:57:56] Push succeeded.
[2026-06-05 13:57:56] === Done. Copy Desktop\eBay-AI-Ops-Migration-Backup to USB ===
[2026-06-05 13:59:18] === PC migration prep started ===
[2026-06-05 13:59:18] Repo root: C:\Users\admin\Desktop\eBay-AI-Ops
[2026-06-05 13:59:18] Label dir: 05_発送ラベル作成
[2026-06-05 13:59:18] Backed up: 05_発送ラベル作成\sample_order.json
[2026-06-05 13:59:18] Backed up: 05_発送ラベル作成\label_input.json
[2026-06-05 13:59:18] Backed up: 05_発送ラベル作成\jp_autofill_run_log.jsonl
[2026-06-05 13:59:18] Skip (not found): 05_発送ラベル作成\japanpost_auth.json
[2026-06-05 13:59:18] Backed up: 05_発送ラベル作成\jp_form_fields_snapshot.json
[2026-06-05 13:59:18] Backed up: HANDOFF.md
[2026-06-05 13:59:18] Backed up: docs\SECRETS_BACKUP_CHECKLIST.md
[2026-06-05 13:59:18] Created: secrets_TEMPLATE.txt (fill in manually)
[2026-06-05 13:59:18] Backup folder: C:\Users\admin\Desktop\eBay-AI-Ops-Migration-Backup
[2026-06-05 13:59:18] No sample_order.json / label_input.json in git index (OK).
